00:00:00.436629 VirtualBox GUI VM Selector Window 6.1.12 r139181 linux.amd64 (Aug 11 2020 08:53:49) release log
00:00:00.436631 Log opened 2020-09-23T06:32:46.713647000Z
00:00:00.436631 Build Type: release
00:00:00.436632 OS Product: Linux
00:00:00.436633 OS Release: 5.8.5-arch1-1
00:00:00.436633 OS Version: #1 SMP PREEMPT Thu, 27 Aug 2020 18:53:02 +0000
00:00:00.436645 DMI Product Name: System Product Name
00:00:00.436648 DMI Product Version: System Version
00:00:00.436651 Firmware type: UEFI
00:00:00.436975 Secure Boot: Disabled
00:00:00.437000 Host RAM: 15999MB (15.6GB) total, 9016MB (8.8GB) available
00:00:00.437002 Executable: /usr/lib/virtualbox/VirtualBox
00:00:00.437002 Process ID: 298281
00:00:00.437002 Package type: LINUX_64BITS_GENERIC (OSE)
00:00:00.437016 Qt version: 5.15.0
00:00:00.452508 GUI: UIMediumEnumerator: Medium-enumeration started...
00:00:00.751949 GUI: UIDesktopWidgetWatchdog::sltHandleHostScreenAvailableGeometryCalculated: Screen 0 work area is actually resized to: 861x0 x 1920x1080
00:00:00.766202 GUI: UIDesktopWidgetWatchdog::sltHandleHostScreenAvailableGeometryCalculated: Screen 1 work area is actually resized to: 0x1278 x 3440x1418
00:00:00.802809 GUI: UIMediumEnumerator: Medium-enumeration finished!
00:00:40.005507 GUI: UIMediumEnumerator: Medium-enumeration finished!
00:24:54.677572 GUI: UIMediumEnumerator: Medium-enumeration finished!
00:24:54.744854 GUI: UIMediumEnumerator: Medium-enumeration finished!
